<?xml version="1.0" encoding="UTF-8"?>
<!-- Generated by org.testng.reporters.JUnitReportReporter -->
<testsuite hostname="LAPTOP-5TIT49CS" failures="0" tests="2" name="RunMultipleGroups.GroupTest1" time="0.013" errors="0" timestamp="2024-10-09T10:57:36 IST" skipped="0">
  <testcase classname="RunMultipleGroups.GroupTest1" name="login_Account" time="0.013"/>
  <system-out/>
  <testcase classname="RunMultipleGroups.GroupTest1" name="checkDrafts" time="0.000"/>
  <system-out/>
</testsuite> <!-- RunMultipleGroups.GroupTest1 -->
