<?xml version="1.0" encoding="UTF-8"?>
<!-- Generated by org.testng.reporters.JUnitReportReporter -->
<testsuite hostname="LAPTOP-5TIT49CS" failures="0" tests="1" name="com.Banking.tests.ReadPRopertyfile" time="5.412" errors="0" timestamp="2024-10-08T11:02:11 IST" skipped="0">
  <testcase classname="com.Banking.tests.ReadPRopertyfile" name="Login" time="5.412"/>
  <system-out/>
</testsuite> <!-- com.Banking.tests.ReadPRopertyfile -->
